2023-06-15 14:52:14,676 - pyswarms.single.global_best - INFO - Optimize for 100 iters with {'c1': 1.5, 'c2': 1, 'w': 0.4}
2023-06-15 14:52:18,097 - pyswarms.single.global_best - INFO - Optimization finished | best cost: 0.0944600166788166, best pos: [0.46916736 0.35844664 0.46283674 0.563265   0.20896755 0.1647362
 0.41880044 0.25017403 0.11965838 0.25940737 0.03614742 0.02360408
 0.08656906 0.40234293 0.30939598 0.5200087  0.28257552 0.66146483
 0.1453557  0.45771862 0.49549444 0.45829429 0.57863356 0.17168324
 0.42476472 0.00416789 0.8973707  0.43174065 0.19265666 0.29330409]
2023-06-15 14:52:18,097 - pyswarms.single.global_best - INFO - Optimize for 100 iters with {'c1': 1.5, 'c2': 1, 'w': 0.5}
2023-06-15 14:52:21,546 - pyswarms.single.global_best - INFO - Optimization finished | best cost: 0.1142896599581989, best pos: [0.62249508 0.48009641 0.58357003 0.56727398 0.09348425 0.05167833
 0.24138975 0.79053714 0.66291625 0.03145439 0.00505487 0.35998108
 0.09181583 0.18850703 0.64118019 0.34463698 0.58711051 0.62906082
 0.08112787 0.89667517 0.87989736 0.00536797 0.07615485 0.28385614
 0.59053387 0.8415559  0.15961985 0.26138854 0.3567362  0.57010615]
2023-06-15 14:52:21,546 - pyswarms.single.global_best - INFO - Optimize for 100 iters with {'c1': 1.5, 'c2': 2, 'w': 0.4}
2023-06-15 14:52:24,976 - pyswarms.single.global_best - INFO - Optimization finished | best cost: 0.10670012016703424, best pos: [0.3644282  0.07408789 0.21971863 0.08008424 0.68965187 0.69878896
 0.09688784 0.66594329 0.22256805 0.61844996 0.37950682 0.03185737
 0.38104279 0.33900719 0.73132622 0.46887111 0.27681635 0.35630902
 0.04006843 0.96330375 0.58388135 0.45917205 0.04942974 0.98269394
 0.00403168 0.08590455 0.15254891 0.33206499 0.05601332 0.51871375]
2023-06-15 14:52:24,976 - pyswarms.single.global_best - INFO - Optimize for 100 iters with {'c1': 1.5, 'c2': 2, 'w': 0.5}
2023-06-15 14:52:28,401 - pyswarms.single.global_best - INFO - Optimization finished | best cost: 0.08509203861861289, best pos: [0.46783248 0.11345665 0.05337073 0.17621385 0.15435518 0.01352413
 0.23912553 0.07625341 0.19390663 0.66856698 0.78639981 0.13462983
 0.18112458 0.46590776 0.1550799  0.01569325 0.3366267  0.58766542
 0.08795298 0.05237707 0.80706032 0.11289566 0.21106701 0.09020188
 0.54732034 0.23881354 0.4421645  0.13848491 0.70770439 0.7170358 ]
2023-06-15 14:52:28,401 - pyswarms.single.global_best - INFO - Optimize for 100 iters with {'c1': 2.5, 'c2': 1, 'w': 0.4}
2023-06-15 14:52:31,966 - pyswarms.single.global_best - INFO - Optimization finished | best cost: 0.10483700863819681, best pos: [0.1098615  0.59893897 0.16261124 0.52577043 0.10035226 0.01018032
 0.06203543 0.61842253 0.17359421 0.49958659 0.08500355 0.20883641
 0.53982667 0.35349024 0.15403357 0.99301176 0.63042089 0.38326233
 0.31009799 0.01338645 0.74472217 0.60372181 0.46099209 0.0708577
 0.29137271 0.03858444 0.13599374 0.87077808 0.79025635 0.57553434]
2023-06-15 14:52:31,966 - pyswarms.single.global_best - INFO - Optimize for 100 iters with {'c1': 2.5, 'c2': 1, 'w': 0.5}
2023-06-15 14:52:35,433 - pyswarms.single.global_best - INFO - Optimization finished | best cost: 0.11467700653937091, best pos: [0.46660791 0.56996159 0.39424404 0.33247398 0.58944561 0.03682959
 0.02268214 0.5466826  0.8843756  0.08122882 0.55477085 0.01286046
 0.88931189 0.67657327 0.89633766 0.60279091 0.72844561 0.29161195
 0.11893583 0.33575627 0.30084164 0.051142   0.8125516  0.1746169
 0.31575702 0.00751436 0.74278455 0.15850278 0.04463506 0.65930277]
2023-06-15 14:52:35,433 - pyswarms.single.global_best - INFO - Optimize for 100 iters with {'c1': 2.5, 'c2': 2, 'w': 0.4}
2023-06-15 14:52:38,860 - pyswarms.single.global_best - INFO - Optimization finished | best cost: 0.10953685531104222, best pos: [0.13702419 0.41451562 0.68820476 0.56532714 0.37589265 0.60151616
 0.58174481 0.22541423 0.42862352 0.47260174 0.3424533  0.12974153
 0.7563221  0.97443128 0.72275071 0.18166997 0.21257597 0.2275851
 0.28600565 0.26004933 0.03191932 0.54761208 0.27180167 0.01800914
 0.02377914 0.53281411 0.44997625 0.11436206 0.04493931 0.63823195]
2023-06-15 14:52:38,860 - pyswarms.single.global_best - INFO - Optimize for 100 iters with {'c1': 2.5, 'c2': 2, 'w': 0.5}
2023-06-15 14:52:42,266 - pyswarms.single.global_best - INFO - Optimization finished | best cost: 0.11661759566163188, best pos: [0.82263621 0.23857539 0.76617276 0.36454918 0.01486663 0.49818435
 0.5675754  0.96232265 0.78544868 0.21589351 0.98618704 0.12140725
 0.04113026 0.18072365 0.15565132 0.82775264 0.31534892 0.07185376
 0.94490262 0.15748181 0.33961346 0.73546175 0.51788957 0.24885452
 0.89233736 0.20908946 0.18966777 0.44495995 0.02763539 0.12200347]
2023-06-15 14:52:42,266 - pyswarms.single.global_best - INFO - Optimize for 100 iters with {'c1': 1.5, 'c2': 2, 'w': 0.5}
2023-06-15 14:53:16,333 - pyswarms.single.global_best - INFO - Optimization finished | best cost: 0.06840548612658019, best pos: [0.11849867 0.15630639 0.36053465 0.17312994 0.16675795 0.01726405
 0.26395832 0.37864093 0.50257599 0.13177365 0.27248589 0.19007717
 0.2038431  0.40206177 0.36437256 0.1073472  0.13133663 0.45273718
 0.33955313 0.33125753 0.51840152 0.44266011 0.57464432 0.11539071
 0.39680909 0.01661935 0.389134   0.2782344  0.10373374 0.02232979]
